2025-03-28 19:42:07,606 INFO o.a.j.u.JMeterUtils: Setting Locale to en_EN
2025-03-28 19:42:07,637 INFO o.a.j.JMeter: Loading user properties from: /opt/homebrew/Cellar/jmeter/5.6.3/libexec/bin/user.properties
2025-03-28 19:42:07,638 INFO o.a.j.JMeter: Loading system properties from: /opt/homebrew/Cellar/jmeter/5.6.3/libexec/bin/system.properties
2025-03-28 19:42:07,641 INFO o.a.j.JMeter: Copyright (c) 1998-2024 The Apache Software Foundation
2025-03-28 19:42:07,641 INFO o.a.j.JMeter: Version 5.6.3
2025-03-28 19:42:07,641 INFO o.a.j.JMeter: java.version=21.0.6
2025-03-28 19:42:07,641 INFO o.a.j.JMeter: java.vm.name=OpenJDK 64-Bit Server VM
2025-03-28 19:42:07,641 INFO o.a.j.JMeter: os.name=Mac OS X
2025-03-28 19:42:07,641 INFO o.a.j.JMeter: os.arch=aarch64
2025-03-28 19:42:07,641 INFO o.a.j.JMeter: os.version=15.3.1
2025-03-28 19:42:07,641 INFO o.a.j.JMeter: file.encoding=UTF-8
2025-03-28 19:42:07,641 INFO o.a.j.JMeter: java.awt.headless=null
2025-03-28 19:42:07,641 INFO o.a.j.JMeter: Max memory     =1073741824
2025-03-28 19:42:07,641 INFO o.a.j.JMeter: Available Processors =8
2025-03-28 19:42:07,648 INFO o.a.j.JMeter: Default Locale=English (EN)
2025-03-28 19:42:07,648 INFO o.a.j.JMeter: JMeter  Locale=English (EN)
2025-03-28 19:42:07,648 INFO o.a.j.JMeter: JMeterHome=/opt/homebrew/Cellar/jmeter/5.6.3/libexec
2025-03-28 19:42:07,648 INFO o.a.j.JMeter: user.dir  =/Users/natalialeleko/Desktop/gitclass/front-end
2025-03-28 19:42:07,648 INFO o.a.j.JMeter: PWD       =/Users/natalialeleko/Desktop/gitclass/front-end
2025-03-28 19:42:07,650 INFO o.a.j.JMeter: IP: 127.0.0.1 Name: Natalias-MacBook-Pro.local FullName: localhost
2025-03-28 19:42:07,660 INFO o.a.j.JMeter: Loaded icon properties from org/apache/jmeter/images/icon.properties
2025-03-28 19:42:08,413 INFO o.a.j.JMeterGuiLauncher: Setting LAF to: com.github.weisj.darklaf.DarkLaf:com.github.weisj.darklaf.theme.DarculaTheme
2025-03-28 19:42:09,688 INFO o.a.j.r.ClassFinder: Will scan jar /opt/homebrew/Cellar/jmeter/5.6.3/libexec/lib/ext/jmeter-plugins-manager-1.9.jar with filter ExtendsClassFilter [parents=[interface org.apache.jmeter.gui.action.Command], inner=false, contains=null, notContains=null]. Consider exposing JMeter plugins via META-INF/services, and add JMeter-Skip-Class-Scanning=true manifest attribute so JMeter can skip classfile scanning
2025-03-28 19:42:09,724 INFO o.a.j.r.ClassFinder: Will scan jar /opt/homebrew/Cellar/jmeter/5.6.3/libexec/lib/ext/jmeter-plugins-graphs-additional-2.0.jar with filter ExtendsClassFilter [parents=[interface org.apache.jmeter.gui.action.Command], inner=false, contains=null, notContains=null]. Consider exposing JMeter plugins via META-INF/services, and add JMeter-Skip-Class-Scanning=true manifest attribute so JMeter can skip classfile scanning
2025-03-28 19:42:09,727 INFO o.a.j.r.ClassFinder: Will scan jar /opt/homebrew/Cellar/jmeter/5.6.3/libexec/lib/ext/jmeter-plugins-graphs-basic-2.0.jar with filter ExtendsClassFilter [parents=[interface org.apache.jmeter.gui.action.Command], inner=false, contains=null, notContains=null]. Consider exposing JMeter plugins via META-INF/services, and add JMeter-Skip-Class-Scanning=true manifest attribute so JMeter can skip classfile scanning
2025-03-28 19:42:09,756 INFO o.a.j.r.ClassFinder: Will scan jar /opt/homebrew/Cellar/jmeter/5.6.3/libexec/lib/ext/jmeter-plugins-manager-1.9.jar with filter ExtendsClassFilter [parents=[interface org.apache.jmeter.gui.plugin.MenuCreator], inner=false, contains=null, notContains=null]. Consider exposing JMeter plugins via META-INF/services, and add JMeter-Skip-Class-Scanning=true manifest attribute so JMeter can skip classfile scanning
2025-03-28 19:42:09,757 INFO o.a.j.r.ClassFinder: Will scan jar /opt/homebrew/Cellar/jmeter/5.6.3/libexec/lib/ext/jmeter-plugins-graphs-additional-2.0.jar with filter ExtendsClassFilter [parents=[interface org.apache.jmeter.gui.plugin.MenuCreator], inner=false, contains=null, notContains=null]. Consider exposing JMeter plugins via META-INF/services, and add JMeter-Skip-Class-Scanning=true manifest attribute so JMeter can skip classfile scanning
2025-03-28 19:42:09,757 INFO o.a.j.r.ClassFinder: Will scan jar /opt/homebrew/Cellar/jmeter/5.6.3/libexec/lib/ext/jmeter-plugins-graphs-basic-2.0.jar with filter ExtendsClassFilter [parents=[interface org.apache.jmeter.gui.plugin.MenuCreator], inner=false, contains=null, notContains=null]. Consider exposing JMeter plugins via META-INF/services, and add JMeter-Skip-Class-Scanning=true manifest attribute so JMeter can skip classfile scanning
2025-03-28 19:42:09,815 INFO o.j.r.JARSourceHTTP: Requesting https://jmeter-plugins.org/repo/?installID=mac_os_x-313084158ce328e01e8dff9bf0b5679b-gui
2025-03-28 19:42:11,197 INFO o.j.r.PluginManager: Plugins Status: [jpgc-graphs-basic=2.0, jpgc-graphs-additional=2.0, jpgc-plugins-manager=1.9, jmeter-core=5.6.3, jmeter-ftp=5.6.3, jmeter-http=5.6.3, jmeter-jdbc=5.6.3, jmeter-jms=5.6.3, jmeter-junit=5.6.3, jmeter-java=5.6.3, jmeter-ldap=5.6.3, jmeter-mail=5.6.3, jmeter-mongodb=5.6.3, jmeter-native=5.6.3, jmeter-tcp=5.6.3, jmeter-components=5.6.3]
2025-03-28 19:42:11,198 INFO o.j.r.PluginManagerMenuItem: Plugins Manager has upgrades: [jpgc-plugins-manager]
2025-03-28 19:43:13,642 INFO o.a.j.g.a.t.TemplateManager: Reading templates from: /opt/homebrew/Cellar/jmeter/5.6.3/libexec/bin/templates/templates.xml
2025-03-28 19:45:05,555 INFO o.a.j.s.FileServer: Default base='/Users/natalialeleko/Desktop/gitclass/front-end'
2025-03-28 19:45:34,693 INFO o.a.j.g.a.Load: Loading file: /Users/natalialeleko/CPBREPORT.jmx
2025-03-28 19:45:34,693 INFO o.a.j.s.FileServer: Set new base='/Users/natalialeleko'
2025-03-28 19:45:34,824 INFO o.a.j.s.SaveService: Testplan (JMX) version: 2.2. Testlog (JTL) version: 2.2
2025-03-28 19:45:34,829 INFO o.a.j.s.SaveService: Using SaveService properties version 5.0
2025-03-28 19:45:34,830 INFO o.a.j.s.SaveService: Using SaveService properties file encoding UTF-8
2025-03-28 19:45:34,830 INFO o.a.j.s.SaveService: Loading file: /Users/natalialeleko/CPBREPORT.jmx
2025-03-28 19:45:34,896 INFO o.a.j.p.h.s.HTTPSamplerBase: Parser for text/html is org.apache.jmeter.protocol.http.parser.LagartoBasedHtmlParser
2025-03-28 19:45:34,896 INFO o.a.j.p.h.s.HTTPSamplerBase: Parser for application/xhtml+xml is org.apache.jmeter.protocol.http.parser.LagartoBasedHtmlParser
2025-03-28 19:45:34,896 INFO o.a.j.p.h.s.HTTPSamplerBase: Parser for application/xml is org.apache.jmeter.protocol.http.parser.LagartoBasedHtmlParser
2025-03-28 19:45:34,896 INFO o.a.j.p.h.s.HTTPSamplerBase: Parser for text/xml is org.apache.jmeter.protocol.http.parser.LagartoBasedHtmlParser
2025-03-28 19:45:34,896 INFO o.a.j.p.h.s.HTTPSamplerBase: Parser for text/vnd.wap.wml is org.apache.jmeter.protocol.http.parser.RegexpHTMLParser
2025-03-28 19:45:34,896 INFO o.a.j.p.h.s.HTTPSamplerBase: Parser for text/css is org.apache.jmeter.protocol.http.parser.CssParser
2025-03-28 19:45:34,963 INFO o.a.j.s.SampleResult: Note: Sample TimeStamps are START times
2025-03-28 19:45:34,964 INFO o.a.j.s.SampleResult: sampleresult.default.encoding is set to UTF-8
2025-03-28 19:45:34,964 INFO o.a.j.s.SampleResult: sampleresult.useNanoTime=true
2025-03-28 19:45:34,964 INFO o.a.j.s.SampleResult: sampleresult.nanoThreadSleep=5000
2025-03-28 19:45:35,015 INFO o.a.j.r.ClassFinder: Will scan jar /opt/homebrew/Cellar/jmeter/5.6.3/libexec/lib/ext/jmeter-plugins-manager-1.9.jar with filter ExtendsClassFilter [parents=[interface org.apache.jmeter.visualizers.ResultRenderer], inner=false, contains=null, notContains=null]. Consider exposing JMeter plugins via META-INF/services, and add JMeter-Skip-Class-Scanning=true manifest attribute so JMeter can skip classfile scanning
2025-03-28 19:45:35,016 INFO o.a.j.r.ClassFinder: Will scan jar /opt/homebrew/Cellar/jmeter/5.6.3/libexec/lib/ext/jmeter-plugins-graphs-additional-2.0.jar with filter ExtendsClassFilter [parents=[interface org.apache.jmeter.visualizers.ResultRenderer], inner=false, contains=null, notContains=null]. Consider exposing JMeter plugins via META-INF/services, and add JMeter-Skip-Class-Scanning=true manifest attribute so JMeter can skip classfile scanning
2025-03-28 19:45:35,017 INFO o.a.j.r.ClassFinder: Will scan jar /opt/homebrew/Cellar/jmeter/5.6.3/libexec/lib/ext/jmeter-plugins-graphs-basic-2.0.jar with filter ExtendsClassFilter [parents=[interface org.apache.jmeter.visualizers.ResultRenderer], inner=false, contains=null, notContains=null]. Consider exposing JMeter plugins via META-INF/services, and add JMeter-Skip-Class-Scanning=true manifest attribute so JMeter can skip classfile scanning
2025-03-28 19:45:35,024 INFO o.a.j.r.ClassFinder: Will scan jar /opt/homebrew/Cellar/jmeter/5.6.3/libexec/lib/ext/jmeter-plugins-manager-1.9.jar with filter ExtendsClassFilter [parents=[interface org.apache.jmeter.visualizers.RequestView], inner=false, contains=null, notContains=null]. Consider exposing JMeter plugins via META-INF/services, and add JMeter-Skip-Class-Scanning=true manifest attribute so JMeter can skip classfile scanning
2025-03-28 19:45:35,025 INFO o.a.j.r.ClassFinder: Will scan jar /opt/homebrew/Cellar/jmeter/5.6.3/libexec/lib/ext/jmeter-plugins-graphs-additional-2.0.jar with filter ExtendsClassFilter [parents=[interface org.apache.jmeter.visualizers.RequestView], inner=false, contains=null, notContains=null]. Consider exposing JMeter plugins via META-INF/services, and add JMeter-Skip-Class-Scanning=true manifest attribute so JMeter can skip classfile scanning
2025-03-28 19:45:35,025 INFO o.a.j.r.ClassFinder: Will scan jar /opt/homebrew/Cellar/jmeter/5.6.3/libexec/lib/ext/jmeter-plugins-graphs-basic-2.0.jar with filter ExtendsClassFilter [parents=[interface org.apache.jmeter.visualizers.RequestView], inner=false, contains=null, notContains=null]. Consider exposing JMeter plugins via META-INF/services, and add JMeter-Skip-Class-Scanning=true manifest attribute so JMeter can skip classfile scanning
2025-03-28 19:45:35,066 INFO o.a.j.r.ClassFinder: Will scan jar /opt/homebrew/Cellar/jmeter/5.6.3/libexec/lib/ext/jmeter-plugins-manager-1.9.jar with filter ExtendsClassFilter [parents=[interface org.apache.jmeter.visualizers.ResultRenderer], inner=false, contains=null, notContains=null]. Consider exposing JMeter plugins via META-INF/services, and add JMeter-Skip-Class-Scanning=true manifest attribute so JMeter can skip classfile scanning
2025-03-28 19:45:35,067 INFO o.a.j.r.ClassFinder: Will scan jar /opt/homebrew/Cellar/jmeter/5.6.3/libexec/lib/ext/jmeter-plugins-graphs-additional-2.0.jar with filter ExtendsClassFilter [parents=[interface org.apache.jmeter.visualizers.ResultRenderer], inner=false, contains=null, notContains=null]. Consider exposing JMeter plugins via META-INF/services, and add JMeter-Skip-Class-Scanning=true manifest attribute so JMeter can skip classfile scanning
2025-03-28 19:45:35,067 INFO o.a.j.r.ClassFinder: Will scan jar /opt/homebrew/Cellar/jmeter/5.6.3/libexec/lib/ext/jmeter-plugins-graphs-basic-2.0.jar with filter ExtendsClassFilter [parents=[interface org.apache.jmeter.visualizers.ResultRenderer], inner=false, contains=null, notContains=null]. Consider exposing JMeter plugins via META-INF/services, and add JMeter-Skip-Class-Scanning=true manifest attribute so JMeter can skip classfile scanning
2025-03-28 19:45:35,072 INFO o.a.j.r.ClassFinder: Will scan jar /opt/homebrew/Cellar/jmeter/5.6.3/libexec/lib/ext/jmeter-plugins-manager-1.9.jar with filter ExtendsClassFilter [parents=[interface org.apache.jmeter.visualizers.RequestView], inner=false, contains=null, notContains=null]. Consider exposing JMeter plugins via META-INF/services, and add JMeter-Skip-Class-Scanning=true manifest attribute so JMeter can skip classfile scanning
2025-03-28 19:45:35,072 INFO o.a.j.r.ClassFinder: Will scan jar /opt/homebrew/Cellar/jmeter/5.6.3/libexec/lib/ext/jmeter-plugins-graphs-additional-2.0.jar with filter ExtendsClassFilter [parents=[interface org.apache.jmeter.visualizers.RequestView], inner=false, contains=null, notContains=null]. Consider exposing JMeter plugins via META-INF/services, and add JMeter-Skip-Class-Scanning=true manifest attribute so JMeter can skip classfile scanning
2025-03-28 19:45:35,073 INFO o.a.j.r.ClassFinder: Will scan jar /opt/homebrew/Cellar/jmeter/5.6.3/libexec/lib/ext/jmeter-plugins-graphs-basic-2.0.jar with filter ExtendsClassFilter [parents=[interface org.apache.jmeter.visualizers.RequestView], inner=false, contains=null, notContains=null]. Consider exposing JMeter plugins via META-INF/services, and add JMeter-Skip-Class-Scanning=true manifest attribute so JMeter can skip classfile scanning
2025-03-28 19:45:35,102 INFO o.a.j.r.ClassFinder: Will scan jar /opt/homebrew/Cellar/jmeter/5.6.3/libexec/lib/ext/jmeter-plugins-manager-1.9.jar with filter ExtendsClassFilter [parents=[interface org.apache.jmeter.visualizers.ResultRenderer], inner=false, contains=null, notContains=null]. Consider exposing JMeter plugins via META-INF/services, and add JMeter-Skip-Class-Scanning=true manifest attribute so JMeter can skip classfile scanning
2025-03-28 19:45:35,103 INFO o.a.j.r.ClassFinder: Will scan jar /opt/homebrew/Cellar/jmeter/5.6.3/libexec/lib/ext/jmeter-plugins-graphs-additional-2.0.jar with filter ExtendsClassFilter [parents=[interface org.apache.jmeter.visualizers.ResultRenderer], inner=false, contains=null, notContains=null]. Consider exposing JMeter plugins via META-INF/services, and add JMeter-Skip-Class-Scanning=true manifest attribute so JMeter can skip classfile scanning
2025-03-28 19:45:35,103 INFO o.a.j.r.ClassFinder: Will scan jar /opt/homebrew/Cellar/jmeter/5.6.3/libexec/lib/ext/jmeter-plugins-graphs-basic-2.0.jar with filter ExtendsClassFilter [parents=[interface org.apache.jmeter.visualizers.ResultRenderer], inner=false, contains=null, notContains=null]. Consider exposing JMeter plugins via META-INF/services, and add JMeter-Skip-Class-Scanning=true manifest attribute so JMeter can skip classfile scanning
2025-03-28 19:45:35,107 INFO o.a.j.r.ClassFinder: Will scan jar /opt/homebrew/Cellar/jmeter/5.6.3/libexec/lib/ext/jmeter-plugins-manager-1.9.jar with filter ExtendsClassFilter [parents=[interface org.apache.jmeter.visualizers.RequestView], inner=false, contains=null, notContains=null]. Consider exposing JMeter plugins via META-INF/services, and add JMeter-Skip-Class-Scanning=true manifest attribute so JMeter can skip classfile scanning
2025-03-28 19:45:35,108 INFO o.a.j.r.ClassFinder: Will scan jar /opt/homebrew/Cellar/jmeter/5.6.3/libexec/lib/ext/jmeter-plugins-graphs-additional-2.0.jar with filter ExtendsClassFilter [parents=[interface org.apache.jmeter.visualizers.RequestView], inner=false, contains=null, notContains=null]. Consider exposing JMeter plugins via META-INF/services, and add JMeter-Skip-Class-Scanning=true manifest attribute so JMeter can skip classfile scanning
2025-03-28 19:45:35,109 INFO o.a.j.r.ClassFinder: Will scan jar /opt/homebrew/Cellar/jmeter/5.6.3/libexec/lib/ext/jmeter-plugins-graphs-basic-2.0.jar with filter ExtendsClassFilter [parents=[interface org.apache.jmeter.visualizers.RequestView], inner=false, contains=null, notContains=null]. Consider exposing JMeter plugins via META-INF/services, and add JMeter-Skip-Class-Scanning=true manifest attribute so JMeter can skip classfile scanning
2025-03-28 19:45:35,138 INFO o.a.j.s.FileServer: Set new base='/Users/natalialeleko'
2025-03-28 19:49:16,585 INFO o.a.j.e.u.CompoundVariable: Note: Function class names must contain the string: '.functions.'
2025-03-28 19:49:16,587 INFO o.a.j.e.u.CompoundVariable: Note: Function class names must not contain the string: '.gui.'
2025-03-28 19:49:16,627 INFO o.a.j.r.ClassFinder: Will scan jar /opt/homebrew/Cellar/jmeter/5.6.3/libexec/lib/ext/jmeter-plugins-manager-1.9.jar with filter ExtendsClassFilter [parents=[interface org.apache.jmeter.functions.Function], inner=false, contains=null, notContains=null]. Consider exposing JMeter plugins via META-INF/services, and add JMeter-Skip-Class-Scanning=true manifest attribute so JMeter can skip classfile scanning
2025-03-28 19:49:16,628 INFO o.a.j.r.ClassFinder: Will scan jar /opt/homebrew/Cellar/jmeter/5.6.3/libexec/lib/ext/jmeter-plugins-graphs-additional-2.0.jar with filter ExtendsClassFilter [parents=[interface org.apache.jmeter.functions.Function], inner=false, contains=null, notContains=null]. Consider exposing JMeter plugins via META-INF/services, and add JMeter-Skip-Class-Scanning=true manifest attribute so JMeter can skip classfile scanning
2025-03-28 19:49:16,629 INFO o.a.j.r.ClassFinder: Will scan jar /opt/homebrew/Cellar/jmeter/5.6.3/libexec/lib/ext/jmeter-plugins-graphs-basic-2.0.jar with filter ExtendsClassFilter [parents=[interface org.apache.jmeter.functions.Function], inner=false, contains=null, notContains=null]. Consider exposing JMeter plugins via META-INF/services, and add JMeter-Skip-Class-Scanning=true manifest attribute so JMeter can skip classfile scanning
2025-03-28 19:55:34,935 INFO o.a.j.s.FileServer: Set new base='/Users/natalialeleko'
2025-03-28 19:57:03,859 INFO o.a.j.g.a.Load: Loading file: /Users/natalialeleko/CPBPRODNL.jmx
2025-03-28 19:57:03,860 INFO o.a.j.s.FileServer: Set new base='/Users/natalialeleko'
2025-03-28 19:57:03,861 INFO o.a.j.s.SaveService: Loading file: /Users/natalialeleko/CPBPRODNL.jmx
2025-03-28 19:57:03,900 INFO o.a.j.r.ClassFinder: Will scan jar /opt/homebrew/Cellar/jmeter/5.6.3/libexec/lib/ext/jmeter-plugins-manager-1.9.jar with filter ExtendsClassFilter [parents=[interface org.apache.jmeter.visualizers.ResultRenderer], inner=false, contains=null, notContains=null]. Consider exposing JMeter plugins via META-INF/services, and add JMeter-Skip-Class-Scanning=true manifest attribute so JMeter can skip classfile scanning
2025-03-28 19:57:03,901 INFO o.a.j.r.ClassFinder: Will scan jar /opt/homebrew/Cellar/jmeter/5.6.3/libexec/lib/ext/jmeter-plugins-graphs-additional-2.0.jar with filter ExtendsClassFilter [parents=[interface org.apache.jmeter.visualizers.ResultRenderer], inner=false, contains=null, notContains=null]. Consider exposing JMeter plugins via META-INF/services, and add JMeter-Skip-Class-Scanning=true manifest attribute so JMeter can skip classfile scanning
2025-03-28 19:57:03,902 INFO o.a.j.r.ClassFinder: Will scan jar /opt/homebrew/Cellar/jmeter/5.6.3/libexec/lib/ext/jmeter-plugins-graphs-basic-2.0.jar with filter ExtendsClassFilter [parents=[interface org.apache.jmeter.visualizers.ResultRenderer], inner=false, contains=null, notContains=null]. Consider exposing JMeter plugins via META-INF/services, and add JMeter-Skip-Class-Scanning=true manifest attribute so JMeter can skip classfile scanning
2025-03-28 19:57:03,908 INFO o.a.j.r.ClassFinder: Will scan jar /opt/homebrew/Cellar/jmeter/5.6.3/libexec/lib/ext/jmeter-plugins-manager-1.9.jar with filter ExtendsClassFilter [parents=[interface org.apache.jmeter.visualizers.RequestView], inner=false, contains=null, notContains=null]. Consider exposing JMeter plugins via META-INF/services, and add JMeter-Skip-Class-Scanning=true manifest attribute so JMeter can skip classfile scanning
2025-03-28 19:57:03,909 INFO o.a.j.r.ClassFinder: Will scan jar /opt/homebrew/Cellar/jmeter/5.6.3/libexec/lib/ext/jmeter-plugins-graphs-additional-2.0.jar with filter ExtendsClassFilter [parents=[interface org.apache.jmeter.visualizers.RequestView], inner=false, contains=null, notContains=null]. Consider exposing JMeter plugins via META-INF/services, and add JMeter-Skip-Class-Scanning=true manifest attribute so JMeter can skip classfile scanning
2025-03-28 19:57:03,910 INFO o.a.j.r.ClassFinder: Will scan jar /opt/homebrew/Cellar/jmeter/5.6.3/libexec/lib/ext/jmeter-plugins-graphs-basic-2.0.jar with filter ExtendsClassFilter [parents=[interface org.apache.jmeter.visualizers.RequestView], inner=false, contains=null, notContains=null]. Consider exposing JMeter plugins via META-INF/services, and add JMeter-Skip-Class-Scanning=true manifest attribute so JMeter can skip classfile scanning
2025-03-28 19:57:03,943 INFO o.a.j.r.ClassFinder: Will scan jar /opt/homebrew/Cellar/jmeter/5.6.3/libexec/lib/ext/jmeter-plugins-manager-1.9.jar with filter ExtendsClassFilter [parents=[interface org.apache.jmeter.visualizers.ResultRenderer], inner=false, contains=null, notContains=null]. Consider exposing JMeter plugins via META-INF/services, and add JMeter-Skip-Class-Scanning=true manifest attribute so JMeter can skip classfile scanning
2025-03-28 19:57:03,943 INFO o.a.j.r.ClassFinder: Will scan jar /opt/homebrew/Cellar/jmeter/5.6.3/libexec/lib/ext/jmeter-plugins-graphs-additional-2.0.jar with filter ExtendsClassFilter [parents=[interface org.apache.jmeter.visualizers.ResultRenderer], inner=false, contains=null, notContains=null]. Consider exposing JMeter plugins via META-INF/services, and add JMeter-Skip-Class-Scanning=true manifest attribute so JMeter can skip classfile scanning
2025-03-28 19:57:03,944 INFO o.a.j.r.ClassFinder: Will scan jar /opt/homebrew/Cellar/jmeter/5.6.3/libexec/lib/ext/jmeter-plugins-graphs-basic-2.0.jar with filter ExtendsClassFilter [parents=[interface org.apache.jmeter.visualizers.ResultRenderer], inner=false, contains=null, notContains=null]. Consider exposing JMeter plugins via META-INF/services, and add JMeter-Skip-Class-Scanning=true manifest attribute so JMeter can skip classfile scanning
2025-03-28 19:57:03,948 INFO o.a.j.r.ClassFinder: Will scan jar /opt/homebrew/Cellar/jmeter/5.6.3/libexec/lib/ext/jmeter-plugins-manager-1.9.jar with filter ExtendsClassFilter [parents=[interface org.apache.jmeter.visualizers.RequestView], inner=false, contains=null, notContains=null]. Consider exposing JMeter plugins via META-INF/services, and add JMeter-Skip-Class-Scanning=true manifest attribute so JMeter can skip classfile scanning
2025-03-28 19:57:03,949 INFO o.a.j.r.ClassFinder: Will scan jar /opt/homebrew/Cellar/jmeter/5.6.3/libexec/lib/ext/jmeter-plugins-graphs-additional-2.0.jar with filter ExtendsClassFilter [parents=[interface org.apache.jmeter.visualizers.RequestView], inner=false, contains=null, notContains=null]. Consider exposing JMeter plugins via META-INF/services, and add JMeter-Skip-Class-Scanning=true manifest attribute so JMeter can skip classfile scanning
2025-03-28 19:57:03,949 INFO o.a.j.r.ClassFinder: Will scan jar /opt/homebrew/Cellar/jmeter/5.6.3/libexec/lib/ext/jmeter-plugins-graphs-basic-2.0.jar with filter ExtendsClassFilter [parents=[interface org.apache.jmeter.visualizers.RequestView], inner=false, contains=null, notContains=null]. Consider exposing JMeter plugins via META-INF/services, and add JMeter-Skip-Class-Scanning=true manifest attribute so JMeter can skip classfile scanning
2025-03-28 19:57:03,972 INFO o.a.j.r.ClassFinder: Will scan jar /opt/homebrew/Cellar/jmeter/5.6.3/libexec/lib/ext/jmeter-plugins-manager-1.9.jar with filter ExtendsClassFilter [parents=[interface org.apache.jmeter.visualizers.ResultRenderer], inner=false, contains=null, notContains=null]. Consider exposing JMeter plugins via META-INF/services, and add JMeter-Skip-Class-Scanning=true manifest attribute so JMeter can skip classfile scanning
2025-03-28 19:57:03,973 INFO o.a.j.r.ClassFinder: Will scan jar /opt/homebrew/Cellar/jmeter/5.6.3/libexec/lib/ext/jmeter-plugins-graphs-additional-2.0.jar with filter ExtendsClassFilter [parents=[interface org.apache.jmeter.visualizers.ResultRenderer], inner=false, contains=null, notContains=null]. Consider exposing JMeter plugins via META-INF/services, and add JMeter-Skip-Class-Scanning=true manifest attribute so JMeter can skip classfile scanning
2025-03-28 19:57:03,973 INFO o.a.j.r.ClassFinder: Will scan jar /opt/homebrew/Cellar/jmeter/5.6.3/libexec/lib/ext/jmeter-plugins-graphs-basic-2.0.jar with filter ExtendsClassFilter [parents=[interface org.apache.jmeter.visualizers.ResultRenderer], inner=false, contains=null, notContains=null]. Consider exposing JMeter plugins via META-INF/services, and add JMeter-Skip-Class-Scanning=true manifest attribute so JMeter can skip classfile scanning
2025-03-28 19:57:03,977 INFO o.a.j.r.ClassFinder: Will scan jar /opt/homebrew/Cellar/jmeter/5.6.3/libexec/lib/ext/jmeter-plugins-manager-1.9.jar with filter ExtendsClassFilter [parents=[interface org.apache.jmeter.visualizers.RequestView], inner=false, contains=null, notContains=null]. Consider exposing JMeter plugins via META-INF/services, and add JMeter-Skip-Class-Scanning=true manifest attribute so JMeter can skip classfile scanning
2025-03-28 19:57:03,978 INFO o.a.j.r.ClassFinder: Will scan jar /opt/homebrew/Cellar/jmeter/5.6.3/libexec/lib/ext/jmeter-plugins-graphs-additional-2.0.jar with filter ExtendsClassFilter [parents=[interface org.apache.jmeter.visualizers.RequestView], inner=false, contains=null, notContains=null]. Consider exposing JMeter plugins via META-INF/services, and add JMeter-Skip-Class-Scanning=true manifest attribute so JMeter can skip classfile scanning
2025-03-28 19:57:03,978 INFO o.a.j.r.ClassFinder: Will scan jar /opt/homebrew/Cellar/jmeter/5.6.3/libexec/lib/ext/jmeter-plugins-graphs-basic-2.0.jar with filter ExtendsClassFilter [parents=[interface org.apache.jmeter.visualizers.RequestView], inner=false, contains=null, notContains=null]. Consider exposing JMeter plugins via META-INF/services, and add JMeter-Skip-Class-Scanning=true manifest attribute so JMeter can skip classfile scanning
2025-03-28 19:57:04,000 INFO o.a.j.s.FileServer: Set new base='/Users/natalialeleko'
2025-03-28 19:57:32,427 INFO o.a.j.g.a.Load: Loading file: /Users/natalialeleko/NWP.jmx
2025-03-28 19:57:32,428 INFO o.a.j.s.FileServer: Set new base='/Users/natalialeleko'
2025-03-28 19:57:32,429 INFO o.a.j.s.SaveService: Loading file: /Users/natalialeleko/NWP.jmx
2025-03-28 19:57:32,442 INFO o.a.j.s.FileServer: Set new base='/Users/natalialeleko'
2025-03-28 19:58:41,815 INFO o.a.j.e.StandardJMeterEngine: Running the test!
2025-03-28 19:58:41,816 INFO o.a.j.s.SampleEvent: List of sample_variables: []
2025-03-28 19:58:41,816 INFO o.a.j.s.SampleEvent: List of sample_variables: []
2025-03-28 19:58:41,817 INFO o.a.j.g.u.JMeterMenuBar: setRunning(true, *local*)
2025-03-28 19:58:41,871 INFO o.a.j.e.StandardJMeterEngine: Starting ThreadGroup: 1 : NWP
2025-03-28 19:58:41,871 INFO o.a.j.e.StandardJMeterEngine: Starting 1 threads for group NWP.
2025-03-28 19:58:41,871 INFO o.a.j.e.StandardJMeterEngine: Thread will continue on error
2025-03-28 19:58:41,871 INFO o.a.j.t.ThreadGroup: Starting thread group... number=1 threads=1 ramp-up=1 delayedStart=false
2025-03-28 19:58:41,874 INFO o.a.j.t.ThreadGroup: Started thread group number 1
2025-03-28 19:58:41,874 INFO o.a.j.e.StandardJMeterEngine: All thread groups have been started
2025-03-28 19:58:41,874 INFO o.a.j.t.JMeterThread: Thread started: NWP 1-1
2025-03-28 19:58:41,876 INFO o.a.j.t.JMeterThread: Thread is done: NWP 1-1
2025-03-28 19:58:41,876 INFO o.a.j.t.JMeterThread: Thread finished: NWP 1-1
2025-03-28 19:58:41,877 INFO o.a.j.e.StandardJMeterEngine: Notifying test listeners of end of test
2025-03-28 19:58:41,877 INFO o.a.j.g.u.JMeterMenuBar: setRunning(false, *local*)
2025-03-28 19:58:44,331 INFO o.a.j.e.StandardJMeterEngine: Running the test!
2025-03-28 19:58:44,331 INFO o.a.j.s.SampleEvent: List of sample_variables: []
2025-03-28 19:58:44,332 INFO o.a.j.g.u.JMeterMenuBar: setRunning(true, *local*)
2025-03-28 19:58:44,392 INFO o.a.j.e.StandardJMeterEngine: Starting ThreadGroup: 1 : NWP
2025-03-28 19:58:44,392 INFO o.a.j.e.StandardJMeterEngine: Starting 1 threads for group NWP.
2025-03-28 19:58:44,392 INFO o.a.j.e.StandardJMeterEngine: Thread will continue on error
2025-03-28 19:58:44,392 INFO o.a.j.t.ThreadGroup: Starting thread group... number=1 threads=1 ramp-up=1 delayedStart=false
2025-03-28 19:58:44,393 INFO o.a.j.t.ThreadGroup: Started thread group number 1
2025-03-28 19:58:44,393 INFO o.a.j.e.StandardJMeterEngine: All thread groups have been started
2025-03-28 19:58:44,393 INFO o.a.j.t.JMeterThread: Thread started: NWP 1-1
2025-03-28 19:58:44,394 INFO o.a.j.t.JMeterThread: Thread is done: NWP 1-1
2025-03-28 19:58:44,394 INFO o.a.j.t.JMeterThread: Thread finished: NWP 1-1
2025-03-28 19:58:44,394 INFO o.a.j.e.StandardJMeterEngine: Notifying test listeners of end of test
2025-03-28 19:58:44,394 INFO o.a.j.g.u.JMeterMenuBar: setRunning(false, *local*)
2025-03-28 19:58:57,277 INFO o.a.j.e.StandardJMeterEngine: Running the test!
2025-03-28 19:58:57,278 INFO o.a.j.s.SampleEvent: List of sample_variables: []
2025-03-28 19:58:57,278 INFO o.a.j.g.u.JMeterMenuBar: setRunning(true, *local*)
2025-03-28 19:58:57,321 INFO o.a.j.e.StandardJMeterEngine: Starting ThreadGroup: 1 : NWP
2025-03-28 19:58:57,321 INFO o.a.j.e.StandardJMeterEngine: Starting 1 threads for group NWP.
2025-03-28 19:58:57,321 INFO o.a.j.e.StandardJMeterEngine: Thread will continue on error
2025-03-28 19:58:57,321 INFO o.a.j.t.ThreadGroup: Starting thread group... number=1 threads=1 ramp-up=1 delayedStart=false
2025-03-28 19:58:57,322 INFO o.a.j.t.ThreadGroup: Started thread group number 1
2025-03-28 19:58:57,322 INFO o.a.j.e.StandardJMeterEngine: All thread groups have been started
2025-03-28 19:58:57,322 INFO o.a.j.t.JMeterThread: Thread started: NWP 1-1
2025-03-28 19:58:57,323 INFO o.a.j.t.JMeterThread: Thread is done: NWP 1-1
2025-03-28 19:58:57,323 INFO o.a.j.t.JMeterThread: Thread finished: NWP 1-1
2025-03-28 19:58:57,323 INFO o.a.j.e.StandardJMeterEngine: Notifying test listeners of end of test
2025-03-28 19:58:57,323 INFO o.a.j.g.u.JMeterMenuBar: setRunning(false, *local*)
2025-03-28 19:58:58,626 INFO o.a.j.e.StandardJMeterEngine: Running the test!
2025-03-28 19:58:58,626 INFO o.a.j.s.SampleEvent: List of sample_variables: []
2025-03-28 19:58:58,626 INFO o.a.j.g.u.JMeterMenuBar: setRunning(true, *local*)
2025-03-28 19:58:58,672 INFO o.a.j.e.StandardJMeterEngine: Starting ThreadGroup: 1 : NWP
2025-03-28 19:58:58,673 INFO o.a.j.e.StandardJMeterEngine: Starting 1 threads for group NWP.
2025-03-28 19:58:58,673 INFO o.a.j.e.StandardJMeterEngine: Thread will continue on error
2025-03-28 19:58:58,673 INFO o.a.j.t.ThreadGroup: Starting thread group... number=1 threads=1 ramp-up=1 delayedStart=false
2025-03-28 19:58:58,673 INFO o.a.j.t.ThreadGroup: Started thread group number 1
2025-03-28 19:58:58,674 INFO o.a.j.e.StandardJMeterEngine: All thread groups have been started
2025-03-28 19:58:58,674 INFO o.a.j.t.JMeterThread: Thread started: NWP 1-1
2025-03-28 19:58:58,675 INFO o.a.j.t.JMeterThread: Thread is done: NWP 1-1
2025-03-28 19:58:58,675 INFO o.a.j.t.JMeterThread: Thread finished: NWP 1-1
2025-03-28 19:58:58,675 INFO o.a.j.e.StandardJMeterEngine: Notifying test listeners of end of test
2025-03-28 19:58:58,675 INFO o.a.j.g.u.JMeterMenuBar: setRunning(false, *local*)
2025-03-28 20:03:44,994 INFO o.a.j.r.ClassFinder: Will scan jar /opt/homebrew/Cellar/jmeter/5.6.3/libexec/lib/ext/jmeter-plugins-manager-1.9.jar with filter ExtendsClassFilter [parents=[interface org.apache.jmeter.visualizers.ResultRenderer], inner=false, contains=null, notContains=null]. Consider exposing JMeter plugins via META-INF/services, and add JMeter-Skip-Class-Scanning=true manifest attribute so JMeter can skip classfile scanning
2025-03-28 20:03:45,000 INFO o.a.j.r.ClassFinder: Will scan jar /opt/homebrew/Cellar/jmeter/5.6.3/libexec/lib/ext/jmeter-plugins-graphs-additional-2.0.jar with filter ExtendsClassFilter [parents=[interface org.apache.jmeter.visualizers.ResultRenderer], inner=false, contains=null, notContains=null]. Consider exposing JMeter plugins via META-INF/services, and add JMeter-Skip-Class-Scanning=true manifest attribute so JMeter can skip classfile scanning
2025-03-28 20:03:45,003 INFO o.a.j.r.ClassFinder: Will scan jar /opt/homebrew/Cellar/jmeter/5.6.3/libexec/lib/ext/jmeter-plugins-graphs-basic-2.0.jar with filter ExtendsClassFilter [parents=[interface org.apache.jmeter.visualizers.ResultRenderer], inner=false, contains=null, notContains=null]. Consider exposing JMeter plugins via META-INF/services, and add JMeter-Skip-Class-Scanning=true manifest attribute so JMeter can skip classfile scanning
2025-03-28 20:03:45,016 INFO o.a.j.r.ClassFinder: Will scan jar /opt/homebrew/Cellar/jmeter/5.6.3/libexec/lib/ext/jmeter-plugins-manager-1.9.jar with filter ExtendsClassFilter [parents=[interface org.apache.jmeter.visualizers.RequestView], inner=false, contains=null, notContains=null]. Consider exposing JMeter plugins via META-INF/services, and add JMeter-Skip-Class-Scanning=true manifest attribute so JMeter can skip classfile scanning
2025-03-28 20:03:45,017 INFO o.a.j.r.ClassFinder: Will scan jar /opt/homebrew/Cellar/jmeter/5.6.3/libexec/lib/ext/jmeter-plugins-graphs-additional-2.0.jar with filter ExtendsClassFilter [parents=[interface org.apache.jmeter.visualizers.RequestView], inner=false, contains=null, notContains=null]. Consider exposing JMeter plugins via META-INF/services, and add JMeter-Skip-Class-Scanning=true manifest attribute so JMeter can skip classfile scanning
2025-03-28 20:03:45,018 INFO o.a.j.r.ClassFinder: Will scan jar /opt/homebrew/Cellar/jmeter/5.6.3/libexec/lib/ext/jmeter-plugins-graphs-basic-2.0.jar with filter ExtendsClassFilter [parents=[interface org.apache.jmeter.visualizers.RequestView], inner=false, contains=null, notContains=null]. Consider exposing JMeter plugins via META-INF/services, and add JMeter-Skip-Class-Scanning=true manifest attribute so JMeter can skip classfile scanning
2025-03-28 20:05:26,749 INFO o.a.j.r.ClassFinder: Will scan jar /opt/homebrew/Cellar/jmeter/5.6.3/libexec/lib/ext/jmeter-plugins-manager-1.9.jar with filter ExtendsClassFilter [parents=[interface org.apache.jmeter.visualizers.backend.BackendListenerClient], inner=false, contains=null, notContains=null]. Consider exposing JMeter plugins via META-INF/services, and add JMeter-Skip-Class-Scanning=true manifest attribute so JMeter can skip classfile scanning
2025-03-28 20:05:26,752 INFO o.a.j.r.ClassFinder: Will scan jar /opt/homebrew/Cellar/jmeter/5.6.3/libexec/lib/ext/jmeter-plugins-graphs-additional-2.0.jar with filter ExtendsClassFilter [parents=[interface org.apache.jmeter.visualizers.backend.BackendListenerClient], inner=false, contains=null, notContains=null]. Consider exposing JMeter plugins via META-INF/services, and add JMeter-Skip-Class-Scanning=true manifest attribute so JMeter can skip classfile scanning
2025-03-28 20:05:26,753 INFO o.a.j.r.ClassFinder: Will scan jar /opt/homebrew/Cellar/jmeter/5.6.3/libexec/lib/ext/jmeter-plugins-graphs-basic-2.0.jar with filter ExtendsClassFilter [parents=[interface org.apache.jmeter.visualizers.backend.BackendListenerClient], inner=false, contains=null, notContains=null]. Consider exposing JMeter plugins via META-INF/services, and add JMeter-Skip-Class-Scanning=true manifest attribute so JMeter can skip classfile scanning
2025-03-28 20:05:28,765 INFO o.a.j.e.StandardJMeterEngine: Running the test!
2025-03-28 20:05:28,766 INFO o.a.j.s.SampleEvent: List of sample_variables: []
2025-03-28 20:05:28,780 INFO o.a.j.v.b.BackendListener: Backend Listener: Starting worker with class: class org.apache.jmeter.visualizers.backend.graphite.GraphiteBackendListenerClient and queue capacity: 5000
2025-03-28 20:05:28,780 INFO o.a.j.v.b.BackendListener: Backend Listener: Started  worker with class: class org.apache.jmeter.visualizers.backend.graphite.GraphiteBackendListenerClient
2025-03-28 20:05:28,793 INFO o.a.j.v.b.g.TextGraphiteMetricsSender: Created TextGraphiteMetricsSender with host: , port: 2003, prefix: jmeter.
2025-03-28 20:05:28,793 INFO o.a.j.g.u.JMeterMenuBar: setRunning(true, *local*)
2025-03-28 20:05:28,834 INFO o.a.j.e.StandardJMeterEngine: Starting ThreadGroup: 1 : NWP
2025-03-28 20:05:28,834 INFO o.a.j.e.StandardJMeterEngine: Starting 1 threads for group NWP.
2025-03-28 20:05:28,834 INFO o.a.j.e.StandardJMeterEngine: Thread will continue on error
2025-03-28 20:05:28,834 INFO o.a.j.t.ThreadGroup: Starting thread group... number=1 threads=1 ramp-up=1 delayedStart=false
2025-03-28 20:05:28,835 INFO o.a.j.t.ThreadGroup: Started thread group number 1
2025-03-28 20:05:28,835 INFO o.a.j.e.StandardJMeterEngine: All thread groups have been started
2025-03-28 20:05:28,835 INFO o.a.j.t.JMeterThread: Thread started: NWP 1-1
2025-03-28 20:05:28,838 INFO o.a.j.t.JMeterThread: Thread is done: NWP 1-1
2025-03-28 20:05:28,839 INFO o.a.j.t.JMeterThread: Thread finished: NWP 1-1
2025-03-28 20:05:28,839 INFO o.a.j.e.StandardJMeterEngine: Notifying test listeners of end of test
2025-03-28 20:05:28,839 INFO o.a.j.v.b.BackendListener: Worker ended
2025-03-28 20:05:28,853 ERROR o.a.j.v.b.g.TextGraphiteMetricsSender: Error writing to Graphite: Connection refused
java.net.ConnectException: Connection refused
	at java.base/sun.nio.ch.Net.pollConnect(Native Method) ~[?:?]
	at java.base/sun.nio.ch.Net.pollConnectNow(Net.java:682) ~[?:?]
	at java.base/sun.nio.ch.NioSocketImpl.timedFinishConnect(NioSocketImpl.java:549) ~[?:?]
	at java.base/sun.nio.ch.NioSocketImpl.connect(NioSocketImpl.java:592) ~[?:?]
	at java.base/java.net.SocksSocketImpl.connect(SocksSocketImpl.java:327) ~[?:?]
	at java.base/java.net.Socket.connect(Socket.java:751) ~[?:?]
	at org.apache.jmeter.visualizers.backend.graphite.SocketOutputStreamPoolFactory.create(SocketOutputStreamPoolFactory.java:76) ~[ApacheJMeter_components.jar:5.6.3]
	at org.apache.jmeter.visualizers.backend.graphite.SocketOutputStreamPoolFactory.makeObject(SocketOutputStreamPoolFactory.java:47) ~[ApacheJMeter_components.jar:5.6.3]
	at org.apache.jmeter.visualizers.backend.graphite.SocketOutputStreamPoolFactory.makeObject(SocketOutputStreamPoolFactory.java:33) ~[ApacheJMeter_components.jar:5.6.3]
	at org.apache.commons.pool2.impl.GenericKeyedObjectPool.create(GenericKeyedObjectPool.java:796) ~[commons-pool2-2.12.0.jar:2.12.0]
	at org.apache.commons.pool2.impl.GenericKeyedObjectPool.borrowObject(GenericKeyedObjectPool.java:444) ~[commons-pool2-2.12.0.jar:2.12.0]
	at org.apache.commons.pool2.impl.GenericKeyedObjectPool.borrowObject(GenericKeyedObjectPool.java:355) ~[commons-pool2-2.12.0.jar:2.12.0]
	at org.apache.jmeter.visualizers.backend.graphite.TextGraphiteMetricsSender.writeMetrics(TextGraphiteMetricsSender.java:110) ~[ApacheJMeter_components.jar:5.6.3]
	at org.apache.jmeter.visualizers.backend.graphite.TextGraphiteMetricsSender.writeAndSendMetrics(TextGraphiteMetricsSender.java:104) ~[ApacheJMeter_components.jar:5.6.3]
	at org.apache.jmeter.visualizers.backend.graphite.GraphiteBackendListenerClient.sendMetrics(GraphiteBackendListenerClient.java:186) ~[ApacheJMeter_components.jar:5.6.3]
	at org.apache.jmeter.visualizers.backend.graphite.GraphiteBackendListenerClient.teardownTest(GraphiteBackendListenerClient.java:367) ~[ApacheJMeter_components.jar:5.6.3]
	at org.apache.jmeter.visualizers.backend.BackendListener.testEnded(BackendListener.java:375) ~[ApacheJMeter_components.jar:5.6.3]
	at org.apache.jmeter.visualizers.backend.BackendListener.testEnded(BackendListener.java:383) ~[ApacheJMeter_components.jar:5.6.3]
	at org.apache.jmeter.engine.StandardJMeterEngine.notifyTestListenersOfEnd(StandardJMeterEngine.java:266) ~[ApacheJMeter_core.jar:5.6.3]
	at org.apache.jmeter.engine.StandardJMeterEngine.run(StandardJMeterEngine.java:543) ~[ApacheJMeter_core.jar:5.6.3]
	at java.base/java.util.concurrent.Executors$RunnableAdapter.call(Executors.java:572) ~[?:?]
	at java.base/java.util.concurrent.FutureTask.run(FutureTask.java:317) ~[?:?]
	at java.base/java.util.concurrent.ThreadPoolExecutor.runWorker(ThreadPoolExecutor.java:1144) ~[?:?]
	at java.base/java.util.concurrent.ThreadPoolExecutor$Worker.run(ThreadPoolExecutor.java:642) ~[?:?]
	at java.base/java.lang.Thread.run(Thread.java:1583) [?:?]
2025-03-28 20:05:28,860 INFO o.a.j.g.u.JMeterMenuBar: setRunning(false, *local*)
2025-03-28 20:05:46,557 INFO o.a.j.e.StandardJMeterEngine: Running the test!
2025-03-28 20:05:46,559 INFO o.a.j.s.SampleEvent: List of sample_variables: []
2025-03-28 20:05:46,561 INFO o.a.j.v.b.BackendListener: Backend Listener: Starting worker with class: class org.apache.jmeter.visualizers.backend.graphite.GraphiteBackendListenerClient and queue capacity: 5000
2025-03-28 20:05:46,562 INFO o.a.j.v.b.BackendListener: Backend Listener: Started  worker with class: class org.apache.jmeter.visualizers.backend.graphite.GraphiteBackendListenerClient
2025-03-28 20:05:46,563 INFO o.a.j.v.b.g.TextGraphiteMetricsSender: Created TextGraphiteMetricsSender with host: , port: 2003, prefix: jmeter.
2025-03-28 20:05:46,563 INFO o.a.j.g.u.JMeterMenuBar: setRunning(true, *local*)
2025-03-28 20:05:46,620 INFO o.a.j.e.StandardJMeterEngine: Starting ThreadGroup: 1 : NWP
2025-03-28 20:05:46,620 INFO o.a.j.e.StandardJMeterEngine: Starting 1 threads for group NWP.
2025-03-28 20:05:46,620 INFO o.a.j.e.StandardJMeterEngine: Thread will continue on error
2025-03-28 20:05:46,620 INFO o.a.j.t.ThreadGroup: Starting thread group... number=1 threads=1 ramp-up=1 delayedStart=false
2025-03-28 20:05:46,621 INFO o.a.j.t.ThreadGroup: Started thread group number 1
2025-03-28 20:05:46,621 INFO o.a.j.e.StandardJMeterEngine: All thread groups have been started
2025-03-28 20:05:46,621 INFO o.a.j.t.JMeterThread: Thread started: NWP 1-1
2025-03-28 20:05:46,623 INFO o.a.j.t.JMeterThread: Thread is done: NWP 1-1
2025-03-28 20:05:46,623 INFO o.a.j.t.JMeterThread: Thread finished: NWP 1-1
2025-03-28 20:05:46,623 INFO o.a.j.e.StandardJMeterEngine: Notifying test listeners of end of test
2025-03-28 20:05:46,624 INFO o.a.j.v.b.BackendListener: Worker ended
2025-03-28 20:05:46,625 ERROR o.a.j.v.b.g.TextGraphiteMetricsSender: Error writing to Graphite: Connection refused
java.net.ConnectException: Connection refused
	at java.base/sun.nio.ch.Net.pollConnect(Native Method) ~[?:?]
	at java.base/sun.nio.ch.Net.pollConnectNow(Net.java:682) ~[?:?]
	at java.base/sun.nio.ch.NioSocketImpl.timedFinishConnect(NioSocketImpl.java:549) ~[?:?]
	at java.base/sun.nio.ch.NioSocketImpl.connect(NioSocketImpl.java:592) ~[?:?]
	at java.base/java.net.SocksSocketImpl.connect(SocksSocketImpl.java:327) ~[?:?]
	at java.base/java.net.Socket.connect(Socket.java:751) ~[?:?]
	at org.apache.jmeter.visualizers.backend.graphite.SocketOutputStreamPoolFactory.create(SocketOutputStreamPoolFactory.java:76) ~[ApacheJMeter_components.jar:5.6.3]
	at org.apache.jmeter.visualizers.backend.graphite.SocketOutputStreamPoolFactory.makeObject(SocketOutputStreamPoolFactory.java:47) ~[ApacheJMeter_components.jar:5.6.3]
	at org.apache.jmeter.visualizers.backend.graphite.SocketOutputStreamPoolFactory.makeObject(SocketOutputStreamPoolFactory.java:33) ~[ApacheJMeter_components.jar:5.6.3]
	at org.apache.commons.pool2.impl.GenericKeyedObjectPool.create(GenericKeyedObjectPool.java:796) ~[commons-pool2-2.12.0.jar:2.12.0]
	at org.apache.commons.pool2.impl.GenericKeyedObjectPool.borrowObject(GenericKeyedObjectPool.java:444) ~[commons-pool2-2.12.0.jar:2.12.0]
	at org.apache.commons.pool2.impl.GenericKeyedObjectPool.borrowObject(GenericKeyedObjectPool.java:355) ~[commons-pool2-2.12.0.jar:2.12.0]
	at org.apache.jmeter.visualizers.backend.graphite.TextGraphiteMetricsSender.writeMetrics(TextGraphiteMetricsSender.java:110) ~[ApacheJMeter_components.jar:5.6.3]
	at org.apache.jmeter.visualizers.backend.graphite.TextGraphiteMetricsSender.writeAndSendMetrics(TextGraphiteMetricsSender.java:104) ~[ApacheJMeter_components.jar:5.6.3]
	at org.apache.jmeter.visualizers.backend.graphite.GraphiteBackendListenerClient.sendMetrics(GraphiteBackendListenerClient.java:186) ~[ApacheJMeter_components.jar:5.6.3]
	at org.apache.jmeter.visualizers.backend.graphite.GraphiteBackendListenerClient.teardownTest(GraphiteBackendListenerClient.java:367) ~[ApacheJMeter_components.jar:5.6.3]
	at org.apache.jmeter.visualizers.backend.BackendListener.testEnded(BackendListener.java:375) ~[ApacheJMeter_components.jar:5.6.3]
	at org.apache.jmeter.visualizers.backend.BackendListener.testEnded(BackendListener.java:383) ~[ApacheJMeter_components.jar:5.6.3]
	at org.apache.jmeter.engine.StandardJMeterEngine.notifyTestListenersOfEnd(StandardJMeterEngine.java:266) ~[ApacheJMeter_core.jar:5.6.3]
	at org.apache.jmeter.engine.StandardJMeterEngine.run(StandardJMeterEngine.java:543) ~[ApacheJMeter_core.jar:5.6.3]
	at java.base/java.util.concurrent.Executors$RunnableAdapter.call(Executors.java:572) ~[?:?]
	at java.base/java.util.concurrent.FutureTask.run(FutureTask.java:317) ~[?:?]
	at java.base/java.util.concurrent.ThreadPoolExecutor.runWorker(ThreadPoolExecutor.java:1144) ~[?:?]
	at java.base/java.util.concurrent.ThreadPoolExecutor$Worker.run(ThreadPoolExecutor.java:642) ~[?:?]
	at java.base/java.lang.Thread.run(Thread.java:1583) [?:?]
2025-03-28 20:05:46,626 INFO o.a.j.g.u.JMeterMenuBar: setRunning(false, *local*)
2025-03-28 20:08:06,898 INFO o.a.j.e.StandardJMeterEngine: Running the test!
2025-03-28 20:08:06,902 INFO o.a.j.s.SampleEvent: List of sample_variables: []
2025-03-28 20:08:06,904 INFO o.a.j.g.u.JMeterMenuBar: setRunning(true, *local*)
2025-03-28 20:08:06,966 INFO o.a.j.e.StandardJMeterEngine: Starting ThreadGroup: 1 : NWP
2025-03-28 20:08:06,966 INFO o.a.j.e.StandardJMeterEngine: Starting 1 threads for group NWP.
2025-03-28 20:08:06,966 INFO o.a.j.e.StandardJMeterEngine: Thread will continue on error
2025-03-28 20:08:06,966 INFO o.a.j.t.ThreadGroup: Starting thread group... number=1 threads=1 ramp-up=1 delayedStart=false
2025-03-28 20:08:06,967 INFO o.a.j.t.ThreadGroup: Started thread group number 1
2025-03-28 20:08:06,967 INFO o.a.j.e.StandardJMeterEngine: All thread groups have been started
2025-03-28 20:08:06,967 INFO o.a.j.t.JMeterThread: Thread started: NWP 1-1
2025-03-28 20:08:06,968 INFO o.a.j.t.JMeterThread: Thread is done: NWP 1-1
2025-03-28 20:08:06,968 INFO o.a.j.t.JMeterThread: Thread finished: NWP 1-1
2025-03-28 20:08:06,968 INFO o.a.j.e.StandardJMeterEngine: Notifying test listeners of end of test
2025-03-28 20:08:06,968 INFO o.a.j.g.u.JMeterMenuBar: setRunning(false, *local*)
2025-03-28 20:09:43,094 INFO o.a.j.e.StandardJMeterEngine: Running the test!
2025-03-28 20:09:43,097 INFO o.a.j.s.SampleEvent: List of sample_variables: []
2025-03-28 20:09:43,098 INFO o.a.j.g.u.JMeterMenuBar: setRunning(true, *local*)
2025-03-28 20:09:43,138 INFO o.a.j.e.StandardJMeterEngine: Starting ThreadGroup: 1 : NWP
2025-03-28 20:09:43,138 INFO o.a.j.e.StandardJMeterEngine: Starting 1 threads for group NWP.
2025-03-28 20:09:43,138 INFO o.a.j.e.StandardJMeterEngine: Thread will continue on error
2025-03-28 20:09:43,139 INFO o.a.j.t.ThreadGroup: Starting thread group... number=1 threads=1 ramp-up=1 delayedStart=false
2025-03-28 20:09:43,139 INFO o.a.j.t.ThreadGroup: Started thread group number 1
2025-03-28 20:09:43,139 INFO o.a.j.e.StandardJMeterEngine: All thread groups have been started
2025-03-28 20:09:43,139 INFO o.a.j.t.JMeterThread: Thread started: NWP 1-1
2025-03-28 20:09:43,143 INFO o.a.j.t.JMeterThread: Thread is done: NWP 1-1
2025-03-28 20:09:43,144 INFO o.a.j.t.JMeterThread: Thread finished: NWP 1-1
2025-03-28 20:09:43,144 INFO o.a.j.e.StandardJMeterEngine: Notifying test listeners of end of test
2025-03-28 20:09:43,144 INFO o.a.j.g.u.JMeterMenuBar: setRunning(false, *local*)
2025-03-28 20:10:11,894 INFO o.a.j.e.StandardJMeterEngine: Running the test!
2025-03-28 20:10:11,895 INFO o.a.j.s.SampleEvent: List of sample_variables: []
2025-03-28 20:10:11,896 INFO o.a.j.g.u.JMeterMenuBar: setRunning(true, *local*)
2025-03-28 20:10:11,935 INFO o.a.j.e.StandardJMeterEngine: Starting ThreadGroup: 1 : NWP
2025-03-28 20:10:11,935 INFO o.a.j.e.StandardJMeterEngine: Starting 1 threads for group NWP.
2025-03-28 20:10:11,935 INFO o.a.j.e.StandardJMeterEngine: Thread will continue on error
2025-03-28 20:10:11,935 INFO o.a.j.t.ThreadGroup: Starting thread group... number=1 threads=1 ramp-up=1 delayedStart=false
2025-03-28 20:10:11,935 INFO o.a.j.t.ThreadGroup: Started thread group number 1
2025-03-28 20:10:11,935 INFO o.a.j.e.StandardJMeterEngine: All thread groups have been started
2025-03-28 20:10:11,935 INFO o.a.j.t.JMeterThread: Thread started: NWP 1-1
2025-03-28 20:10:11,945 INFO o.a.j.p.h.s.HTTPHCAbstractImpl: Local host = Natalias-MacBook-Pro.local
2025-03-28 20:10:11,951 INFO o.a.j.p.h.s.HTTPHC4Impl: HTTP request retry count = 0
2025-03-28 20:10:12,148 INFO o.a.j.p.h.s.h.LazyLayeredConnectionSocketFactory: Setting up HTTPS TrustAll Socket Factory
2025-03-28 20:10:12,150 INFO o.a.j.u.JsseSSLManager: Using default SSL protocol: TLS
2025-03-28 20:10:12,150 INFO o.a.j.u.JsseSSLManager: SSL session context: per-thread
2025-03-28 20:10:12,235 INFO o.a.j.u.SSLManager: JmeterKeyStore Location:  type JKS
2025-03-28 20:10:12,236 INFO o.a.j.u.SSLManager: KeyStore created OK
2025-03-28 20:10:12,236 WARN o.a.j.u.SSLManager: Keystore file not found, loading empty keystore
2025-03-28 20:10:12,858 INFO o.a.j.t.JMeterThread: Thread is done: NWP 1-1
2025-03-28 20:10:12,858 INFO o.a.j.t.JMeterThread: Thread finished: NWP 1-1
2025-03-28 20:10:12,861 INFO o.a.j.e.StandardJMeterEngine: Notifying test listeners of end of test
2025-03-28 20:10:12,862 INFO o.a.j.g.u.JMeterMenuBar: setRunning(false, *local*)
2025-03-28 20:10:51,945 INFO o.a.j.e.StandardJMeterEngine: Running the test!
2025-03-28 20:10:51,946 INFO o.a.j.s.SampleEvent: List of sample_variables: []
2025-03-28 20:10:51,948 INFO o.a.j.g.u.JMeterMenuBar: setRunning(true, *local*)
2025-03-28 20:10:51,989 INFO o.a.j.e.StandardJMeterEngine: Starting ThreadGroup: 1 : NWP
2025-03-28 20:10:51,989 INFO o.a.j.e.StandardJMeterEngine: Starting 1 threads for group NWP.
2025-03-28 20:10:51,989 INFO o.a.j.e.StandardJMeterEngine: Thread will continue on error
2025-03-28 20:10:51,989 INFO o.a.j.t.ThreadGroup: Starting thread group... number=1 threads=1 ramp-up=1 delayedStart=false
2025-03-28 20:10:51,990 INFO o.a.j.t.ThreadGroup: Started thread group number 1
2025-03-28 20:10:51,990 INFO o.a.j.e.StandardJMeterEngine: All thread groups have been started
2025-03-28 20:10:51,990 INFO o.a.j.t.JMeterThread: Thread started: NWP 1-1
2025-03-28 20:10:52,681 INFO o.a.j.t.JMeterThread: Thread is done: NWP 1-1
2025-03-28 20:10:52,682 INFO o.a.j.t.JMeterThread: Thread finished: NWP 1-1
2025-03-28 20:10:52,683 INFO o.a.j.e.StandardJMeterEngine: Notifying test listeners of end of test
2025-03-28 20:10:52,684 INFO o.a.j.g.u.JMeterMenuBar: setRunning(false, *local*)
2025-03-28 20:11:45,479 INFO o.a.j.e.StandardJMeterEngine: Running the test!
2025-03-28 20:11:45,481 INFO o.a.j.s.SampleEvent: List of sample_variables: []
2025-03-28 20:11:45,482 INFO o.a.j.g.u.JMeterMenuBar: setRunning(true, *local*)
2025-03-28 20:11:45,522 INFO o.a.j.e.StandardJMeterEngine: Starting ThreadGroup: 1 : NWP
2025-03-28 20:11:45,522 INFO o.a.j.e.StandardJMeterEngine: Starting 10 threads for group NWP.
2025-03-28 20:11:45,522 INFO o.a.j.e.StandardJMeterEngine: Thread will continue on error
2025-03-28 20:11:45,522 INFO o.a.j.t.ThreadGroup: Starting thread group... number=1 threads=10 ramp-up=1 delayedStart=false
2025-03-28 20:11:45,522 INFO o.a.j.t.JMeterThread: Thread started: NWP 1-1
2025-03-28 20:11:45,524 INFO o.a.j.t.ThreadGroup: Started thread group number 1
2025-03-28 20:11:45,524 INFO o.a.j.e.StandardJMeterEngine: All thread groups have been started
2025-03-28 20:11:45,628 INFO o.a.j.t.JMeterThread: Thread started: NWP 1-2
2025-03-28 20:11:45,727 INFO o.a.j.t.JMeterThread: Thread started: NWP 1-3
2025-03-28 20:11:45,823 INFO o.a.j.t.JMeterThread: Thread started: NWP 1-4
2025-03-28 20:11:45,924 INFO o.a.j.t.JMeterThread: Thread started: NWP 1-5
2025-03-28 20:11:46,027 INFO o.a.j.t.JMeterThread: Thread started: NWP 1-6
2025-03-28 20:11:46,127 INFO o.a.j.t.JMeterThread: Thread started: NWP 1-7
2025-03-28 20:11:46,223 INFO o.a.j.t.JMeterThread: Thread started: NWP 1-8
2025-03-28 20:11:46,269 INFO o.a.j.t.JMeterThread: Thread is done: NWP 1-1
2025-03-28 20:11:46,269 INFO o.a.j.t.JMeterThread: Thread finished: NWP 1-1
2025-03-28 20:11:46,328 INFO o.a.j.t.JMeterThread: Thread started: NWP 1-9
2025-03-28 20:11:46,357 INFO o.a.j.t.JMeterThread: Thread is done: NWP 1-2
2025-03-28 20:11:46,357 INFO o.a.j.t.JMeterThread: Thread finished: NWP 1-2
2025-03-28 20:11:46,423 INFO o.a.j.t.JMeterThread: Thread started: NWP 1-10
2025-03-28 20:11:46,464 INFO o.a.j.t.JMeterThread: Thread is done: NWP 1-3
2025-03-28 20:11:46,464 INFO o.a.j.t.JMeterThread: Thread finished: NWP 1-3
2025-03-28 20:11:46,583 INFO o.a.j.t.JMeterThread: Thread is done: NWP 1-4
2025-03-28 20:11:46,583 INFO o.a.j.t.JMeterThread: Thread finished: NWP 1-4
2025-03-28 20:11:46,670 INFO o.a.j.t.JMeterThread: Thread is done: NWP 1-5
2025-03-28 20:11:46,670 INFO o.a.j.t.JMeterThread: Thread finished: NWP 1-5
2025-03-28 20:11:46,756 INFO o.a.j.t.JMeterThread: Thread is done: NWP 1-6
2025-03-28 20:11:46,756 INFO o.a.j.t.JMeterThread: Thread finished: NWP 1-6
2025-03-28 20:11:46,849 INFO o.a.j.t.JMeterThread: Thread is done: NWP 1-7
2025-03-28 20:11:46,849 INFO o.a.j.t.JMeterThread: Thread finished: NWP 1-7
2025-03-28 20:11:46,951 INFO o.a.j.t.JMeterThread: Thread is done: NWP 1-8
2025-03-28 20:11:46,951 INFO o.a.j.t.JMeterThread: Thread finished: NWP 1-8
2025-03-28 20:11:47,021 INFO o.a.j.t.JMeterThread: Thread is done: NWP 1-9
2025-03-28 20:11:47,021 INFO o.a.j.t.JMeterThread: Thread finished: NWP 1-9
2025-03-28 20:11:47,128 INFO o.a.j.t.JMeterThread: Thread is done: NWP 1-10
2025-03-28 20:11:47,128 INFO o.a.j.t.JMeterThread: Thread finished: NWP 1-10
2025-03-28 20:11:47,128 INFO o.a.j.e.StandardJMeterEngine: Notifying test listeners of end of test
2025-03-28 20:11:47,129 INFO o.a.j.g.u.JMeterMenuBar: setRunning(false, *local*)
2025-03-28 20:13:24,887 INFO o.a.j.e.StandardJMeterEngine: Running the test!
2025-03-28 20:13:24,888 INFO o.a.j.s.SampleEvent: List of sample_variables: []
2025-03-28 20:13:24,889 INFO o.a.j.g.u.JMeterMenuBar: setRunning(true, *local*)
2025-03-28 20:13:24,928 INFO o.a.j.e.StandardJMeterEngine: Starting ThreadGroup: 1 : NWP
2025-03-28 20:13:24,928 INFO o.a.j.e.StandardJMeterEngine: Starting 10 threads for group NWP.
2025-03-28 20:13:24,929 INFO o.a.j.e.StandardJMeterEngine: Thread will continue on error
2025-03-28 20:13:24,929 INFO o.a.j.t.ThreadGroup: Starting thread group... number=1 threads=10 ramp-up=1 delayedStart=false
2025-03-28 20:13:24,929 INFO o.a.j.t.JMeterThread: Thread started: NWP 1-1
2025-03-28 20:13:24,930 INFO o.a.j.t.ThreadGroup: Started thread group number 1
2025-03-28 20:13:24,930 INFO o.a.j.e.StandardJMeterEngine: All thread groups have been started
2025-03-28 20:13:25,030 INFO o.a.j.t.JMeterThread: Thread started: NWP 1-2
2025-03-28 20:13:25,134 INFO o.a.j.t.JMeterThread: Thread started: NWP 1-3
2025-03-28 20:13:25,234 INFO o.a.j.t.JMeterThread: Thread started: NWP 1-4
2025-03-28 20:13:25,335 INFO o.a.j.t.JMeterThread: Thread started: NWP 1-5
2025-03-28 20:13:25,435 INFO o.a.j.t.JMeterThread: Thread started: NWP 1-6
2025-03-28 20:13:25,534 INFO o.a.j.t.JMeterThread: Thread started: NWP 1-7
2025-03-28 20:13:25,613 INFO o.a.j.t.JMeterThread: Thread is done: NWP 1-1
2025-03-28 20:13:25,614 INFO o.a.j.t.JMeterThread: Thread finished: NWP 1-1
2025-03-28 20:13:25,634 INFO o.a.j.t.JMeterThread: Thread started: NWP 1-8
2025-03-28 20:13:25,712 INFO o.a.j.t.JMeterThread: Thread is done: NWP 1-2
2025-03-28 20:13:25,713 INFO o.a.j.t.JMeterThread: Thread finished: NWP 1-2
2025-03-28 20:13:25,734 INFO o.a.j.t.JMeterThread: Thread started: NWP 1-9
2025-03-28 20:13:25,803 INFO o.a.j.t.JMeterThread: Thread is done: NWP 1-3
2025-03-28 20:13:25,804 INFO o.a.j.t.JMeterThread: Thread finished: NWP 1-3
2025-03-28 20:13:25,834 INFO o.a.j.t.JMeterThread: Thread started: NWP 1-10
2025-03-28 20:13:25,923 INFO o.a.j.t.JMeterThread: Thread is done: NWP 1-4
2025-03-28 20:13:25,923 INFO o.a.j.t.JMeterThread: Thread finished: NWP 1-4
2025-03-28 20:13:26,008 INFO o.a.j.t.JMeterThread: Thread is done: NWP 1-5
2025-03-28 20:13:26,008 INFO o.a.j.t.JMeterThread: Thread finished: NWP 1-5
2025-03-28 20:13:26,112 INFO o.a.j.t.JMeterThread: Thread is done: NWP 1-6
2025-03-28 20:13:26,112 INFO o.a.j.t.JMeterThread: Thread finished: NWP 1-6
2025-03-28 20:13:26,243 INFO o.a.j.t.JMeterThread: Thread is done: NWP 1-7
2025-03-28 20:13:26,243 INFO o.a.j.t.JMeterThread: Thread finished: NWP 1-7
2025-03-28 20:13:26,324 INFO o.a.j.t.JMeterThread: Thread is done: NWP 1-8
2025-03-28 20:13:26,324 INFO o.a.j.t.JMeterThread: Thread finished: NWP 1-8
2025-03-28 20:13:26,432 INFO o.a.j.t.JMeterThread: Thread is done: NWP 1-9
2025-03-28 20:13:26,432 INFO o.a.j.t.JMeterThread: Thread finished: NWP 1-9
2025-03-28 20:13:26,536 INFO o.a.j.t.JMeterThread: Thread is done: NWP 1-10
2025-03-28 20:13:26,536 INFO o.a.j.t.JMeterThread: Thread finished: NWP 1-10
2025-03-28 20:13:26,537 INFO o.a.j.e.StandardJMeterEngine: Notifying test listeners of end of test
2025-03-28 20:13:26,537 INFO o.a.j.g.u.JMeterMenuBar: setRunning(false, *local*)
2025-03-28 20:19:10,072 INFO o.a.j.e.StandardJMeterEngine: Running the test!
2025-03-28 20:19:10,074 INFO o.a.j.s.SampleEvent: List of sample_variables: []
2025-03-28 20:19:10,075 INFO o.a.j.g.u.JMeterMenuBar: setRunning(true, *local*)
2025-03-28 20:19:10,132 INFO o.a.j.e.StandardJMeterEngine: Starting ThreadGroup: 1 : NWP
2025-03-28 20:19:10,133 INFO o.a.j.e.StandardJMeterEngine: Starting 10 threads for group NWP.
2025-03-28 20:19:10,133 INFO o.a.j.e.StandardJMeterEngine: Thread will continue on error
2025-03-28 20:19:10,133 INFO o.a.j.t.ThreadGroup: Starting thread group... number=1 threads=10 ramp-up=1 delayedStart=false
2025-03-28 20:19:10,133 INFO o.a.j.t.JMeterThread: Thread started: NWP 1-1
2025-03-28 20:19:10,134 INFO o.a.j.t.ThreadGroup: Started thread group number 1
2025-03-28 20:19:10,134 INFO o.a.j.e.StandardJMeterEngine: All thread groups have been started
2025-03-28 20:19:10,236 INFO o.a.j.t.JMeterThread: Thread started: NWP 1-2
2025-03-28 20:19:10,338 INFO o.a.j.t.JMeterThread: Thread started: NWP 1-3
2025-03-28 20:19:10,438 INFO o.a.j.t.JMeterThread: Thread started: NWP 1-4
2025-03-28 20:19:10,538 INFO o.a.j.t.JMeterThread: Thread started: NWP 1-5
2025-03-28 20:19:10,639 INFO o.a.j.t.JMeterThread: Thread started: NWP 1-6
2025-03-28 20:19:10,739 INFO o.a.j.t.JMeterThread: Thread started: NWP 1-7
2025-03-28 20:19:10,838 INFO o.a.j.t.JMeterThread: Thread started: NWP 1-8
2025-03-28 20:19:10,938 INFO o.a.j.t.JMeterThread: Thread started: NWP 1-9
2025-03-28 20:19:11,038 INFO o.a.j.t.JMeterThread: Thread started: NWP 1-10
2025-03-28 20:19:17,608 INFO o.a.j.t.JMeterThread: Thread is done: NWP 1-3
2025-03-28 20:19:17,608 INFO o.a.j.t.JMeterThread: Thread finished: NWP 1-3
2025-03-28 20:19:18,307 INFO o.a.j.t.JMeterThread: Thread is done: NWP 1-9
2025-03-28 20:19:18,308 INFO o.a.j.t.JMeterThread: Thread finished: NWP 1-9
2025-03-28 20:19:18,525 INFO o.a.j.t.JMeterThread: Thread is done: NWP 1-4
2025-03-28 20:19:18,525 INFO o.a.j.t.JMeterThread: Thread finished: NWP 1-4
2025-03-28 20:19:19,580 INFO o.a.j.t.JMeterThread: Thread is done: NWP 1-5
2025-03-28 20:19:19,580 INFO o.a.j.t.JMeterThread: Thread finished: NWP 1-5
2025-03-28 20:19:20,633 INFO o.a.j.t.JMeterThread: Thread is done: NWP 1-8
2025-03-28 20:19:20,633 INFO o.a.j.t.JMeterThread: Thread finished: NWP 1-8
2025-03-28 20:19:20,824 INFO o.a.j.t.JMeterThread: Thread is done: NWP 1-1
2025-03-28 20:19:20,824 INFO o.a.j.t.JMeterThread: Thread finished: NWP 1-1
2025-03-28 20:19:21,310 INFO o.a.j.t.JMeterThread: Thread is done: NWP 1-6
2025-03-28 20:19:21,311 INFO o.a.j.t.JMeterThread: Thread finished: NWP 1-6
2025-03-28 20:19:21,952 INFO o.a.j.t.JMeterThread: Thread is done: NWP 1-2
2025-03-28 20:19:21,953 INFO o.a.j.t.JMeterThread: Thread finished: NWP 1-2
2025-03-28 20:19:22,518 INFO o.a.j.t.JMeterThread: Thread is done: NWP 1-7
2025-03-28 20:19:22,518 INFO o.a.j.t.JMeterThread: Thread finished: NWP 1-7
2025-03-28 20:19:23,096 INFO o.a.j.t.JMeterThread: Thread is done: NWP 1-10
2025-03-28 20:19:23,096 INFO o.a.j.t.JMeterThread: Thread finished: NWP 1-10
2025-03-28 20:19:23,097 INFO o.a.j.e.StandardJMeterEngine: Notifying test listeners of end of test
2025-03-28 20:19:23,098 INFO o.a.j.g.u.JMeterMenuBar: setRunning(false, *local*)
2025-03-28 20:22:35,225 INFO o.a.j.e.StandardJMeterEngine: Running the test!
2025-03-28 20:22:35,226 INFO o.a.j.s.SampleEvent: List of sample_variables: []
2025-03-28 20:22:35,228 INFO o.a.j.g.u.JMeterMenuBar: setRunning(true, *local*)
2025-03-28 20:22:35,298 INFO o.a.j.e.StandardJMeterEngine: Starting ThreadGroup: 1 : NWP
2025-03-28 20:22:35,298 INFO o.a.j.e.StandardJMeterEngine: Starting 10 threads for group NWP.
2025-03-28 20:22:35,298 INFO o.a.j.e.StandardJMeterEngine: Thread will continue on error
2025-03-28 20:22:35,298 INFO o.a.j.t.ThreadGroup: Starting thread group... number=1 threads=10 ramp-up=1 delayedStart=false
2025-03-28 20:22:35,299 INFO o.a.j.t.JMeterThread: Thread started: NWP 1-1
2025-03-28 20:22:35,300 INFO o.a.j.t.ThreadGroup: Started thread group number 1
2025-03-28 20:22:35,300 INFO o.a.j.e.StandardJMeterEngine: All thread groups have been started
2025-03-28 20:22:35,404 INFO o.a.j.t.JMeterThread: Thread started: NWP 1-2
2025-03-28 20:22:35,503 INFO o.a.j.t.JMeterThread: Thread started: NWP 1-3
2025-03-28 20:22:35,603 INFO o.a.j.t.JMeterThread: Thread started: NWP 1-4
2025-03-28 20:22:35,703 INFO o.a.j.t.JMeterThread: Thread started: NWP 1-5
2025-03-28 20:22:35,801 INFO o.a.j.t.JMeterThread: Thread started: NWP 1-6
2025-03-28 20:22:35,904 INFO o.a.j.t.JMeterThread: Thread started: NWP 1-7
2025-03-28 20:22:36,004 INFO o.a.j.t.JMeterThread: Thread started: NWP 1-8
2025-03-28 20:22:36,103 INFO o.a.j.t.JMeterThread: Thread started: NWP 1-9
2025-03-28 20:22:36,203 INFO o.a.j.t.JMeterThread: Thread started: NWP 1-10
2025-03-28 20:22:40,890 INFO o.a.j.t.JMeterThread: Thread is done: NWP 1-3
2025-03-28 20:22:40,890 INFO o.a.j.t.JMeterThread: Thread finished: NWP 1-3
2025-03-28 20:22:41,073 INFO o.a.j.t.JMeterThread: Thread is done: NWP 1-5
2025-03-28 20:22:41,074 INFO o.a.j.t.JMeterThread: Thread finished: NWP 1-5
2025-03-28 20:22:41,711 INFO o.a.j.t.JMeterThread: Thread is done: NWP 1-4
2025-03-28 20:22:41,712 INFO o.a.j.t.JMeterThread: Thread finished: NWP 1-4
2025-03-28 20:22:43,892 INFO o.a.j.t.JMeterThread: Thread is done: NWP 1-2
2025-03-28 20:22:43,892 INFO o.a.j.t.JMeterThread: Thread finished: NWP 1-2
2025-03-28 20:22:45,074 INFO o.a.j.t.JMeterThread: Thread is done: NWP 1-1
2025-03-28 20:22:45,074 INFO o.a.j.t.JMeterThread: Thread finished: NWP 1-1
2025-03-28 20:22:46,579 INFO o.a.j.t.JMeterThread: Thread is done: NWP 1-8
2025-03-28 20:22:46,580 INFO o.a.j.t.JMeterThread: Thread finished: NWP 1-8
2025-03-28 20:22:46,791 INFO o.a.j.t.JMeterThread: Thread is done: NWP 1-10
2025-03-28 20:22:46,791 INFO o.a.j.t.JMeterThread: Thread finished: NWP 1-10
2025-03-28 20:22:47,059 INFO o.a.j.t.JMeterThread: Thread is done: NWP 1-6
2025-03-28 20:22:47,059 INFO o.a.j.t.JMeterThread: Thread finished: NWP 1-6
2025-03-28 20:22:47,288 INFO o.a.j.t.JMeterThread: Thread is done: NWP 1-7
2025-03-28 20:22:47,288 INFO o.a.j.t.JMeterThread: Thread finished: NWP 1-7
2025-03-28 20:22:47,536 INFO o.a.j.t.JMeterThread: Thread is done: NWP 1-9
2025-03-28 20:22:47,536 INFO o.a.j.t.JMeterThread: Thread finished: NWP 1-9
2025-03-28 20:22:47,537 INFO o.a.j.e.StandardJMeterEngine: Notifying test listeners of end of test
2025-03-28 20:22:47,538 INFO o.a.j.g.u.JMeterMenuBar: setRunning(false, *local*)
